<?xml version="1.0" encoding="UTF-8"?>
<robot generator="Robot 7.0 (Python 3.12.3 on win32)" generated="2024-05-08T23:11:22.864354" rpa="false" schemaversion="5">
<suite id="s1" name="Post Swagger Test" source="c:\Users\renil\OneDrive\Área de Trabalho\Robot\TestesDeAPIRobotFramework\test\post_swagger_test.robot">
<test id="s1-t1" name="Cenário com POST: Cadastrar diretoria" line="14">
<kw name="incluir nova diretoria" owner="diretoria_swagger_testes_recursos">
<kw name="Create Dictionary" owner="BuiltIn">
<msg time="2024-05-08T23:11:23.113712" level="INFO">${headers} = {'authorization': 'eyJhbGciOiJIUzI1NiIsInR5cCI6IkpXVCJ9.eyJfaWQiOiI2NTMzMGZlZWU3NjA2NGY0NTlkNWYxMGQiLCJmdWxsTmFtZSI6IlFhLUNvZGVycy1TWVNBRE1JTiIsIm1haWwiOiJzeXNhZG1pbkBxYWNvZGVycy5jb20iLCJwYXNzd29yZCI6...</msg>
<var>${headers}</var>
<arg>authorization=${TOKEN}</arg>
<doc>Creates and returns a dictionary based on the given ``items``.</doc>
<status status="PASS" start="2024-05-08T23:11:23.113712" elapsed="0.006896"/>
</kw>
<kw name="Create Dictionary" owner="BuiltIn">
<msg time="2024-05-08T23:11:23.121725" level="FAIL">Variable '${BOARD_NAME}' not found.</msg>
<var>${body}</var>
<arg>boardName=${BOARD_NAME}</arg>
<doc>Creates and returns a dictionary based on the given ``items``.</doc>
<status status="FAIL" start="2024-05-08T23:11:23.120716" elapsed="0.003008">Variable '${BOARD_NAME}' not found.</status>
</kw>
<kw name="Log" owner="BuiltIn">
<arg>${body}</arg>
<doc>Logs the given message with the given level.</doc>
<status status="NOT RUN" start="2024-05-08T23:11:23.123724" elapsed="0.001308"/>
</kw>
<kw name="Criar sessão" owner="diretoria_swagger_testes_recursos">
<status status="NOT RUN" start="2024-05-08T23:11:23.125032" elapsed="0.000000"/>
</kw>
<kw name="POST On Session" owner="RequestsLibrary">
<var>${resposta}</var>
<arg>alias=APISwagger</arg>
<arg>url=/api/board/</arg>
<arg>json=${body}</arg>
<doc>Sends a POST request on a previously created HTTP Session.</doc>
<status status="NOT RUN" start="2024-05-08T23:11:23.125032" elapsed="0.000728"/>
</kw>
<kw name="Log" owner="BuiltIn">
<arg>${resposta.json()}</arg>
<doc>Logs the given message with the given level.</doc>
<status status="NOT RUN" start="2024-05-08T23:11:23.146021" elapsed="0.000000"/>
</kw>
<kw name="Set Test Variable" owner="BuiltIn">
<arg>${BOARD_NAME}</arg>
<arg>${resposta.json()['newBoard']['_id']}</arg>
<doc>Makes a variable available everywhere within the scope of the current test.</doc>
<status status="NOT RUN" start="2024-05-08T23:11:23.146021" elapsed="0.000000"/>
</kw>
<kw name="Set Test Variable" owner="BuiltIn">
<arg>${RESPOSTA}</arg>
<arg>${resposta.json()}</arg>
<doc>Makes a variable available everywhere within the scope of the current test.</doc>
<status status="NOT RUN" start="2024-05-08T23:11:23.146021" elapsed="0.000000"/>
</kw>
<status status="FAIL" start="2024-05-08T23:11:23.112241" elapsed="0.033780">Variable '${BOARD_NAME}' not found.</status>
</kw>
<kw name="deve permitir somente letras maiúsculas, minúsculas e o caractere especial &amp;" owner="diretoria_swagger_testes_recursos">
<status status="NOT RUN" start="2024-05-08T23:11:23.146021" elapsed="0.000000"/>
</kw>
<status status="FAIL" start="2024-05-08T23:11:23.110385" elapsed="0.041276">Variable '${BOARD_NAME}' not found.</status>
</test>
<status status="FAIL" start="2024-05-08T23:11:22.878122" elapsed="0.275047"/>
</suite>
<statistics>
<total>
<stat pass="0" fail="1" skip="0">All Tests</stat>
</total>
<tag>
</tag>
<suite>
<stat pass="0" fail="1" skip="0" id="s1" name="Post Swagger Test">Post Swagger Test</stat>
</suite>
</statistics>
<errors>
</errors>
</robot>
